Compiling the C compiler identification source file "CMakeCCompilerId.c" failed.
Compiler: /Library/Developer/CommandLineTools/usr/bin/cc 
Build flags: 
Id flags:  

The output was:
1
ld: library 'System' not found
cc: error: linker command failed with exit code 1 (use -v to see invocation)


Compiling the CXX compiler identification source file "CMakeCXXCompilerId.cpp" failed.
Compiler: /Library/Developer/CommandLineTools/usr/bin/c++ 
Build flags: 
Id flags:  

The output was:
1
ld: library 'c++' not found
c++: error: linker command failed with exit code 1 (use -v to see invocation)


Performing C SOURCE FILE Test C_TEST_COMPILED failed with the following output:
Change Dir: /Users/sellavi/Desktop/Codes/video-downloader-mv3/ffmpeg-builder/modules/aom/aom_build/CMakeFiles/CMakeTmp

Run Build Command(s):/usr/bin/make -f Makefile cmTC_05d71/fast && /Library/Developer/CommandLineTools/usr/bin/make  -f CMakeFiles/cmTC_05d71.dir/build.make CMakeFiles/cmTC_05d71.dir/build
Building C object CMakeFiles/cmTC_05d71.dir/src.c.o
/Library/Developer/CommandLineTools/usr/bin/cc -DC_TEST_COMPILED  -arch arm64 -isysroot /Library/Developer/CommandLineTools/SDKs/MacOSX15.2.sdk -MD -MT CMakeFiles/cmTC_05d71.dir/src.c.o -MF CMakeFiles/cmTC_05d71.dir/src.c.o.d -o CMakeFiles/cmTC_05d71.dir/src.c.o -c /Users/sellavi/Desktop/Codes/video-downloader-mv3/ffmpeg-builder/modules/aom/aom_build/CMakeFiles/CMakeTmp/src.c
/Users/sellavi/Desktop/Codes/video-downloader-mv3/ffmpeg-builder/modules/aom/aom_build/CMakeFiles/CMakeTmp/src.c:3:28: error: Neither __pie__ or __PIE__ are set
    3 |                           #error Neither __pie__ or __PIE__ are set
      |                            ^
1 error generated.
make[1]: *** [CMakeFiles/cmTC_05d71.dir/src.c.o] Error 1
make: *** [cmTC_05d71/fast] Error 2


Source file was:

                          #if !(__pie__ || __PIE__)
                          #error Neither __pie__ or __PIE__ are set
                          #endif
                          extern void unused(void);
                          void unused(void) {} 
int main(void) { return 0; }
Checking whether the ASM compiler is GNU using "--version" did not match "(GNU assembler)|(GCC)|(Free Software Foundation)":
Apple clang version 16.0.0 (clang-1600.0.26.6)
Target: arm64-apple-darwin25.0.0
Thread model: posix
InstalledDir: /Library/Developer/CommandLineTools/usr/bin
Performing C SOURCE FILE Test C_TEST_COMPILED failed with the following output:
Change Dir: /Users/sellavi/Desktop/Codes/video-downloader-mv3/ffmpeg-builder/modules/aom/aom_build/CMakeFiles/CMakeTmp

Run Build Command(s):/usr/bin/make -f Makefile cmTC_36693/fast && /Library/Developer/CommandLineTools/usr/bin/make  -f CMakeFiles/cmTC_36693.dir/build.make CMakeFiles/cmTC_36693.dir/build
Building C object CMakeFiles/cmTC_36693.dir/src.c.o
/Library/Developer/CommandLineTools/usr/bin/cc -DC_TEST_COMPILED  -arch arm64 -isysroot /Library/Developer/CommandLineTools/SDKs/MacOSX15.2.sdk -MD -MT CMakeFiles/cmTC_36693.dir/src.c.o -MF CMakeFiles/cmTC_36693.dir/src.c.o.d -o CMakeFiles/cmTC_36693.dir/src.c.o -c /Users/sellavi/Desktop/Codes/video-downloader-mv3/ffmpeg-builder/modules/aom/aom_build/CMakeFiles/CMakeTmp/src.c
/Users/sellavi/Desktop/Codes/video-downloader-mv3/ffmpeg-builder/modules/aom/aom_build/CMakeFiles/CMakeTmp/src.c:5:33: error: call to undeclared function 'feenableexcept'; ISO C99 and later do not support implicit function declarations [-Wimplicit-function-declaration]
    5 |                           (void)feenableexcept(FE_DIVBYZERO | FE_INVALID);
      |                                 ^
/Users/sellavi/Desktop/Codes/video-downloader-mv3/ffmpeg-builder/modules/aom/aom_build/CMakeFiles/CMakeTmp/src.c:5:33: note: did you mean 'feraiseexcept'?
/Library/Developer/CommandLineTools/SDKs/MacOSX15.2.sdk/usr/include/fenv.h:325:12: note: 'feraiseexcept' declared here
  325 | extern int feraiseexcept(int /* excepts */);
      |            ^
1 error generated.
make[1]: *** [CMakeFiles/cmTC_36693.dir/src.c.o] Error 1
make: *** [cmTC_36693/fast] Error 2


Source file was:
#define _GNU_SOURCE
                        #include <fenv.h>
                        void unused(void) {
                          (void)unused;
                          (void)feenableexcept(FE_DIVBYZERO | FE_INVALID);
                        } 
int main(void) { return 0; }
Performing C SOURCE FILE Test C_FLAG_SUPPORTED failed with the following output:
Change Dir: /Users/sellavi/Desktop/Codes/video-downloader-mv3/ffmpeg-builder/modules/aom/aom_build/CMakeFiles/CMakeTmp

Run Build Command(s):/usr/bin/make -f Makefile cmTC_61ee3/fast && /Library/Developer/CommandLineTools/usr/bin/make  -f CMakeFiles/cmTC_61ee3.dir/build.make CMakeFiles/cmTC_61ee3.dir/build
Building C object CMakeFiles/cmTC_61ee3.dir/src.c.o
/Library/Developer/CommandLineTools/usr/bin/cc -DC_FLAG_SUPPORTED  -arch arm64 -isysroot /Library/Developer/CommandLineTools/SDKs/MacOSX15.2.sdk   -Wlogical-op -MD -MT CMakeFiles/cmTC_61ee3.dir/src.c.o -MF CMakeFiles/cmTC_61ee3.dir/src.c.o.d -o CMakeFiles/cmTC_61ee3.dir/src.c.o -c /Users/sellavi/Desktop/Codes/video-downloader-mv3/ffmpeg-builder/modules/aom/aom_build/CMakeFiles/CMakeTmp/src.c
warning: unknown warning option '-Wlogical-op'; did you mean '-Wlong-long'? [-Wunknown-warning-option]
1 warning generated.
Linking C executable cmTC_61ee3
/opt/local/bin/cmake -E cmake_link_script CMakeFiles/cmTC_61ee3.dir/link.txt --verbose=1
/Library/Developer/CommandLineTools/usr/bin/cc  -arch arm64 -isysroot /Library/Developer/CommandLineTools/SDKs/MacOSX15.2.sdk -Wl,-search_paths_first -Wl,-headerpad_max_install_names -L/opt/homebrew/lib -L/opt/homebrew/opt/libxml2/lib -L/opt/homebrew/opt/libass/lib -L/opt/homebrew/opt/harfbuzz/lib -L/opt/homebrew/opt/libunibreak/lib  CMakeFiles/cmTC_61ee3.dir/src.c.o -o cmTC_61ee3  -lm 


Source file was:
int main(void) { return 0; }
Performing C++ SOURCE FILE Test CXX_FLAG_SUPPORTED failed with the following output:
Change Dir: /Users/sellavi/Desktop/Codes/video-downloader-mv3/ffmpeg-builder/modules/aom/aom_build/CMakeFiles/CMakeTmp

Run Build Command(s):/usr/bin/make -f Makefile cmTC_d3329/fast && /Library/Developer/CommandLineTools/usr/bin/make  -f CMakeFiles/cmTC_d3329.dir/build.make CMakeFiles/cmTC_d3329.dir/build
Building CXX object CMakeFiles/cmTC_d3329.dir/src.cxx.o
/Library/Developer/CommandLineTools/usr/bin/c++ -DCXX_FLAG_SUPPORTED  -arch arm64 -isysroot /Library/Developer/CommandLineTools/SDKs/MacOSX15.2.sdk   -Wlogical-op -MD -MT CMakeFiles/cmTC_d3329.dir/src.cxx.o -MF CMakeFiles/cmTC_d3329.dir/src.cxx.o.d -o CMakeFiles/cmTC_d3329.dir/src.cxx.o -c /Users/sellavi/Desktop/Codes/video-downloader-mv3/ffmpeg-builder/modules/aom/aom_build/CMakeFiles/CMakeTmp/src.cxx
warning: unknown warning option '-Wlogical-op'; did you mean '-Wlong-long'? [-Wunknown-warning-option]
1 warning generated.
Linking CXX executable cmTC_d3329
/opt/local/bin/cmake -E cmake_link_script CMakeFiles/cmTC_d3329.dir/link.txt --verbose=1
/Library/Developer/CommandLineTools/usr/bin/c++  -arch arm64 -isysroot /Library/Developer/CommandLineTools/SDKs/MacOSX15.2.sdk -Wl,-search_paths_first -Wl,-headerpad_max_install_names -L/opt/homebrew/lib -L/opt/homebrew/opt/libxml2/lib -L/opt/homebrew/opt/libass/lib -L/opt/homebrew/opt/harfbuzz/lib -L/opt/homebrew/opt/libunibreak/lib  CMakeFiles/cmTC_d3329.dir/src.cxx.o -o cmTC_d3329  -lm 


Source file was:
int main() { return 0; }
Performing C SOURCE FILE Test C_FLAG_SUPPORTED failed with the following output:
Change Dir: /Users/sellavi/Desktop/Codes/video-downloader-mv3/ffmpeg-builder/modules/aom/aom_build/CMakeFiles/CMakeTmp

Run Build Command(s):/usr/bin/make -f Makefile cmTC_77e1f/fast && /Library/Developer/CommandLineTools/usr/bin/make  -f CMakeFiles/cmTC_77e1f.dir/build.make CMakeFiles/cmTC_77e1f.dir/build
Building C object CMakeFiles/cmTC_77e1f.dir/src.c.o
/Library/Developer/CommandLineTools/usr/bin/cc -DC_FLAG_SUPPORTED  -arch arm64 -isysroot /Library/Developer/CommandLineTools/SDKs/MacOSX15.2.sdk   -Wstack-usage=100000 -MD -MT CMakeFiles/cmTC_77e1f.dir/src.c.o -MF CMakeFiles/cmTC_77e1f.dir/src.c.o.d -o CMakeFiles/cmTC_77e1f.dir/src.c.o -c /Users/sellavi/Desktop/Codes/video-downloader-mv3/ffmpeg-builder/modules/aom/aom_build/CMakeFiles/CMakeTmp/src.c
warning: unknown warning option '-Wstack-usage=100000'; did you mean '-Wstack-protector'? [-Wunknown-warning-option]
1 warning generated.
Linking C executable cmTC_77e1f
/opt/local/bin/cmake -E cmake_link_script CMakeFiles/cmTC_77e1f.dir/link.txt --verbose=1
/Library/Developer/CommandLineTools/usr/bin/cc  -arch arm64 -isysroot /Library/Developer/CommandLineTools/SDKs/MacOSX15.2.sdk -Wl,-search_paths_first -Wl,-headerpad_max_install_names -L/opt/homebrew/lib -L/opt/homebrew/opt/libxml2/lib -L/opt/homebrew/opt/libass/lib -L/opt/homebrew/opt/harfbuzz/lib -L/opt/homebrew/opt/libunibreak/lib  CMakeFiles/cmTC_77e1f.dir/src.c.o -o cmTC_77e1f  -lm 


Source file was:
int main(void) { return 0; }
Performing C++ SOURCE FILE Test CXX_FLAG_SUPPORTED failed with the following output:
Change Dir: /Users/sellavi/Desktop/Codes/video-downloader-mv3/ffmpeg-builder/modules/aom/aom_build/CMakeFiles/CMakeTmp

Run Build Command(s):/usr/bin/make -f Makefile cmTC_63793/fast && /Library/Developer/CommandLineTools/usr/bin/make  -f CMakeFiles/cmTC_63793.dir/build.make CMakeFiles/cmTC_63793.dir/build
Building CXX object CMakeFiles/cmTC_63793.dir/src.cxx.o
/Library/Developer/CommandLineTools/usr/bin/c++ -DCXX_FLAG_SUPPORTED  -arch arm64 -isysroot /Library/Developer/CommandLineTools/SDKs/MacOSX15.2.sdk   -Wstack-usage=240000 -MD -MT CMakeFiles/cmTC_63793.dir/src.cxx.o -MF CMakeFiles/cmTC_63793.dir/src.cxx.o.d -o CMakeFiles/cmTC_63793.dir/src.cxx.o -c /Users/sellavi/Desktop/Codes/video-downloader-mv3/ffmpeg-builder/modules/aom/aom_build/CMakeFiles/CMakeTmp/src.cxx
warning: unknown warning option '-Wstack-usage=240000'; did you mean '-Wstack-protector'? [-Wunknown-warning-option]
1 warning generated.
Linking CXX executable cmTC_63793
/opt/local/bin/cmake -E cmake_link_script CMakeFiles/cmTC_63793.dir/link.txt --verbose=1
/Library/Developer/CommandLineTools/usr/bin/c++  -arch arm64 -isysroot /Library/Developer/CommandLineTools/SDKs/MacOSX15.2.sdk -Wl,-search_paths_first -Wl,-headerpad_max_install_names -L/opt/homebrew/lib -L/opt/homebrew/opt/libxml2/lib -L/opt/homebrew/opt/libass/lib -L/opt/homebrew/opt/harfbuzz/lib -L/opt/homebrew/opt/libunibreak/lib  CMakeFiles/cmTC_63793.dir/src.cxx.o -o cmTC_63793  -lm 


Source file was:
int main() { return 0; }
