The system is: Darwin - 25.0.0 - arm64
Compiling the C compiler identification source file "CMakeCCompilerId.c" succeeded.
Compiler: /Library/Developer/CommandLineTools/usr/bin/cc 
Build flags: 
Id flags: -c 

The output was:
0


Compilation of the C compiler identification source "CMakeCCompilerId.c" produced "CMakeCCompilerId.o"

The C compiler identification is AppleClang, found in "/Users/sellavi/Desktop/Codes/video-downloader-mv3/ffmpeg-builder/modules/x265/CMakeFiles/3.24.3/CompilerIdC/CMakeCCompilerId.o"

Compiling the CXX compiler identification source file "CMakeCXXCompilerId.cpp" succeeded.
Compiler: /Library/Developer/CommandLineTools/usr/bin/c++ 
Build flags: 
Id flags: -c 

The output was:
0


Compilation of the CXX compiler identification source "CMakeCXXCompilerId.cpp" produced "CMakeCXXCompilerId.o"

The CXX compiler identification is AppleClang, found in "/Users/sellavi/Desktop/Codes/video-downloader-mv3/ffmpeg-builder/modules/x265/CMakeFiles/3.24.3/CompilerIdCXX/CMakeCXXCompilerId.o"

Detecting C compiler ABI info compiled with the following output:
Change Dir: /Users/sellavi/Desktop/Codes/video-downloader-mv3/ffmpeg-builder/modules/x265/CMakeFiles/CMakeTmp

Run Build Command(s):/usr/bin/make -f Makefile cmTC_45e52/fast && /Library/Developer/CommandLineTools/usr/bin/make  -f CMakeFiles/cmTC_45e52.dir/build.make CMakeFiles/cmTC_45e52.dir/build
Building C object CMakeFiles/cmTC_45e52.dir/CMakeCCompilerABI.c.o
/Library/Developer/CommandLineTools/usr/bin/cc   -arch arm64 -isysroot /Library/Developer/CommandLineTools/SDKs/MacOSX15.2.sdk   -v -Wl,-v -MD -MT CMakeFiles/cmTC_45e52.dir/CMakeCCompilerABI.c.o -MF CMakeFiles/cmTC_45e52.dir/CMakeCCompilerABI.c.o.d -o CMakeFiles/cmTC_45e52.dir/CMakeCCompilerABI.c.o -c /opt/local/share/cmake-3.24/Modules/CMakeCCompilerABI.c
Apple clang version 16.0.0 (clang-1600.0.26.6)
Target: arm64-apple-darwin25.0.0
Thread model: posix
InstalledDir: /Library/Developer/CommandLineTools/usr/bin
cc: warning: -Wl,-v: 'linker' input unused [-Wunused-command-line-argument]
 "/Library/Developer/CommandLineTools/usr/bin/clang" -cc1 -triple arm64-apple-macosx15.2.0 -Wundef-prefix=TARGET_OS_ -Wdeprecated-objc-isa-usage -Werror=deprecated-objc-isa-usage -Werror=implicit-function-declaration -emit-obj -mrelax-all -disable-free -clear-ast-before-backend -disable-llvm-verifier -discard-value-names -main-file-name CMakeCCompilerABI.c -mrelocation-model pic -pic-level 2 -mframe-pointer=non-leaf -fno-strict-return -ffp-contract=on -fno-rounding-math -funwind-tables=1 -fobjc-msgsend-selector-stubs -target-sdk-version=15.2 -fvisibility-inlines-hidden-static-local-var -fno-modulemap-allow-subdirectory-search -target-cpu apple-m1 -target-feature +v8.5a -target-feature +aes -target-feature +crc -target-feature +dotprod -target-feature +fp-armv8 -target-feature +fp16fml -target-feature +lse -target-feature +ras -target-feature +rcpc -target-feature +rdm -target-feature +sha2 -target-feature +sha3 -target-feature +neon -target-feature +zcm -target-feature +zcz -target-feature +fullfp16 -target-abi darwinpcs -debugger-tuning=lldb -target-linker-version 1115.7.3 -v -fcoverage-compilation-dir=/Users/sellavi/Desktop/Codes/video-downloader-mv3/ffmpeg-builder/modules/x265/CMakeFiles/CMakeTmp -resource-dir /Library/Developer/CommandLineTools/usr/lib/clang/16 -dependency-file CMakeFiles/cmTC_45e52.dir/CMakeCCompilerABI.c.o.d -skip-unused-modulemap-deps -MT CMakeFiles/cmTC_45e52.dir/CMakeCCompilerABI.c.o -sys-header-deps -isysroot /Library/Developer/CommandLineTools/SDKs/MacOSX15.2.sdk -internal-isystem /Library/Developer/CommandLineTools/SDKs/MacOSX15.2.sdk/usr/local/include -internal-isystem /Library/Developer/CommandLineTools/usr/lib/clang/16/include -internal-externc-isystem /Library/Developer/CommandLineTools/SDKs/MacOSX15.2.sdk/usr/include -internal-externc-isystem /Library/Developer/CommandLineTools/usr/include -Wno-reorder-init-list -Wno-implicit-int-float-conversion -Wno-c99-designator -Wno-final-dtor-non-final-class -Wno-extra-semi-stmt -Wno-misleading-indentation -Wno-quoted-include-in-framework-header -Wno-implicit-fallthrough -Wno-enum-enum-conversion -Wno-enum-float-conversion -Wno-elaborated-enum-base -Wno-reserved-identifier -Wno-gnu-folding-constant -fdebug-compilation-dir=/Users/sellavi/Desktop/Codes/video-downloader-mv3/ffmpeg-builder/modules/x265/CMakeFiles/CMakeTmp -ferror-limit 19 -stack-protector 1 -fstack-check -mdarwin-stkchk-strong-link -fblocks -fencode-extended-block-signature -fregister-global-dtors-with-atexit -fgnuc-version=4.2.1 -fmax-type-align=16 -fcommon -clang-vendor-feature=+disableNonDependentMemberExprInCurrentInstantiation -fno-odr-hash-protocols -clang-vendor-feature=+enableAggressiveVLAFolding -clang-vendor-feature=+revert09abecef7bbf -clang-vendor-feature=+thisNoAlignAttr -clang-vendor-feature=+thisNoNullAttr -clang-vendor-feature=+disableAtImportPrivateFrameworkInImplementationError -D__GCC_HAVE_DWARF2_CFI_ASM=1 -o CMakeFiles/cmTC_45e52.dir/CMakeCCompilerABI.c.o -x c /opt/local/share/cmake-3.24/Modules/CMakeCCompilerABI.c
clang -cc1 version 16.0.0 (clang-1600.0.26.6) default target arm64-apple-darwin25.0.0
ignoring nonexistent directory "/Library/Developer/CommandLineTools/SDKs/MacOSX15.2.sdk/usr/local/include"
ignoring nonexistent directory "/Library/Developer/CommandLineTools/SDKs/MacOSX15.2.sdk/Library/Frameworks"
#include "..." search starts here:
#include <...> search starts here:
 /Library/Developer/CommandLineTools/usr/lib/clang/16/include
 /Library/Developer/CommandLineTools/SDKs/MacOSX15.2.sdk/usr/include
 /Library/Developer/CommandLineTools/usr/include
 /Library/Developer/CommandLineTools/SDKs/MacOSX15.2.sdk/System/Library/Frameworks (framework directory)
End of search list.
Linking C executable cmTC_45e52
/opt/local/bin/cmake -E cmake_link_script CMakeFiles/cmTC_45e52.dir/link.txt --verbose=1
/Library/Developer/CommandLineTools/usr/bin/cc  -arch arm64 -isysroot /Library/Developer/CommandLineTools/SDKs/MacOSX15.2.sdk -Wl,-search_paths_first -Wl,-headerpad_max_install_names -L/opt/homebrew/lib -L/opt/homebrew/opt/libxml2/lib -L/opt/homebrew/opt/libass/lib -L/opt/homebrew/opt/harfbuzz/lib -L/opt/homebrew/opt/libunibreak/lib -v -Wl,-v CMakeFiles/cmTC_45e52.dir/CMakeCCompilerABI.c.o -o cmTC_45e52 
Apple clang version 16.0.0 (clang-1600.0.26.6)
Target: arm64-apple-darwin25.0.0
Thread model: posix
InstalledDir: /Library/Developer/CommandLineTools/usr/bin
 "/Library/Developer/CommandLineTools/usr/bin/ld" -demangle -lto_library /Library/Developer/CommandLineTools/usr/lib/libLTO.dylib -dynamic -arch arm64 -platform_version macos 15.2.0 15.2 -syslibroot /Library/Developer/CommandLineTools/SDKs/MacOSX15.2.sdk -mllvm -enable-linkonceodr-outlining -o cmTC_45e52 -L/opt/homebrew/lib -L/opt/homebrew/opt/libxml2/lib -L/opt/homebrew/opt/libass/lib -L/opt/homebrew/opt/harfbuzz/lib -L/opt/homebrew/opt/libunibreak/lib -search_paths_first -headerpad_max_install_names -v CMakeFiles/cmTC_45e52.dir/CMakeCCompilerABI.c.o -lSystem /Library/Developer/CommandLineTools/usr/lib/clang/16/lib/darwin/libclang_rt.osx.a
@(#)PROGRAM:ld PROJECT:ld-1115.7.3
BUILD 23:52:02 Dec  5 2024
configured to support archs: armv6 armv7 armv7s arm64 arm64e arm64_32 i386 x86_64 x86_64h armv6m armv7k armv7m armv7em
will use ld-classic for: armv6 armv7 armv7s i386 armv6m armv7k armv7m armv7em
LTO support using: LLVM version 16.0.0 (static support for 29, runtime is 29)
TAPI support using: Apple TAPI version 16.0.0 (tapi-1600.0.11.9)
Library search paths:
	/opt/homebrew/lib
	/opt/homebrew/opt/libxml2/lib
	/opt/homebrew/opt/libass/lib
	/opt/homebrew/opt/harfbuzz/lib
	/opt/homebrew/opt/libunibreak/lib
	/Library/Developer/CommandLineTools/SDKs/MacOSX15.2.sdk/usr/lib
	/Library/Developer/CommandLineTools/SDKs/MacOSX15.2.sdk/usr/lib/swift
Framework search paths:
	/Library/Developer/CommandLineTools/SDKs/MacOSX15.2.sdk/System/Library/Frameworks



Parsed C implicit include dir info from above output: rv=done
  found start of include info
  found start of implicit include info
    add: [/Library/Developer/CommandLineTools/usr/lib/clang/16/include]
    add: [/Library/Developer/CommandLineTools/SDKs/MacOSX15.2.sdk/usr/include]
    add: [/Library/Developer/CommandLineTools/usr/include]
  end of search list found
  collapse include dir [/Library/Developer/CommandLineTools/usr/lib/clang/16/include] ==> [/Library/Developer/CommandLineTools/usr/lib/clang/16/include]
  collapse include dir [/Library/Developer/CommandLineTools/SDKs/MacOSX15.2.sdk/usr/include] ==> [/Library/Developer/CommandLineTools/SDKs/MacOSX15.2.sdk/usr/include]
  collapse include dir [/Library/Developer/CommandLineTools/usr/include] ==> [/Library/Developer/CommandLineTools/usr/include]
  implicit include dirs: [/Library/Developer/CommandLineTools/usr/lib/clang/16/include;/Library/Developer/CommandLineTools/SDKs/MacOSX15.2.sdk/usr/include;/Library/Developer/CommandLineTools/usr/include]


Parsed C implicit link information from above output:
  link line regex: [^( *|.*[/\])(ld|CMAKE_LINK_STARTFILE-NOTFOUND|([^/\]+-)?ld|collect2)[^/\]*( |$)]
  ignore line: [Change Dir: /Users/sellavi/Desktop/Codes/video-downloader-mv3/ffmpeg-builder/modules/x265/CMakeFiles/CMakeTmp]
  ignore line: []
  ignore line: [Run Build Command(s):/usr/bin/make -f Makefile cmTC_45e52/fast && /Library/Developer/CommandLineTools/usr/bin/make  -f CMakeFiles/cmTC_45e52.dir/build.make CMakeFiles/cmTC_45e52.dir/build]
  ignore line: [Building C object CMakeFiles/cmTC_45e52.dir/CMakeCCompilerABI.c.o]
  ignore line: [/Library/Developer/CommandLineTools/usr/bin/cc   -arch arm64 -isysroot /Library/Developer/CommandLineTools/SDKs/MacOSX15.2.sdk   -v -Wl -v -MD -MT CMakeFiles/cmTC_45e52.dir/CMakeCCompilerABI.c.o -MF CMakeFiles/cmTC_45e52.dir/CMakeCCompilerABI.c.o.d -o CMakeFiles/cmTC_45e52.dir/CMakeCCompilerABI.c.o -c /opt/local/share/cmake-3.24/Modules/CMakeCCompilerABI.c]
  ignore line: [Apple clang version 16.0.0 (clang-1600.0.26.6)]
  ignore line: [Target: arm64-apple-darwin25.0.0]
  ignore line: [Thread model: posix]
  ignore line: [InstalledDir: /Library/Developer/CommandLineTools/usr/bin]
  ignore line: [cc: warning: -Wl -v: 'linker' input unused [-Wunused-command-line-argument]]
  ignore line: [ "/Library/Developer/CommandLineTools/usr/bin/clang" -cc1 -triple arm64-apple-macosx15.2.0 -Wundef-prefix=TARGET_OS_ -Wdeprecated-objc-isa-usage -Werror=deprecated-objc-isa-usage -Werror=implicit-function-declaration -emit-obj -mrelax-all -disable-free -clear-ast-before-backend -disable-llvm-verifier -discard-value-names -main-file-name CMakeCCompilerABI.c -mrelocation-model pic -pic-level 2 -mframe-pointer=non-leaf -fno-strict-return -ffp-contract=on -fno-rounding-math -funwind-tables=1 -fobjc-msgsend-selector-stubs -target-sdk-version=15.2 -fvisibility-inlines-hidden-static-local-var -fno-modulemap-allow-subdirectory-search -target-cpu apple-m1 -target-feature +v8.5a -target-feature +aes -target-feature +crc -target-feature +dotprod -target-feature +fp-armv8 -target-feature +fp16fml -target-feature +lse -target-feature +ras -target-feature +rcpc -target-feature +rdm -target-feature +sha2 -target-feature +sha3 -target-feature +neon -target-feature +zcm -target-feature +zcz -target-feature +fullfp16 -target-abi darwinpcs -debugger-tuning=lldb -target-linker-version 1115.7.3 -v -fcoverage-compilation-dir=/Users/sellavi/Desktop/Codes/video-downloader-mv3/ffmpeg-builder/modules/x265/CMakeFiles/CMakeTmp -resource-dir /Library/Developer/CommandLineTools/usr/lib/clang/16 -dependency-file CMakeFiles/cmTC_45e52.dir/CMakeCCompilerABI.c.o.d -skip-unused-modulemap-deps -MT CMakeFiles/cmTC_45e52.dir/CMakeCCompilerABI.c.o -sys-header-deps -isysroot /Library/Developer/CommandLineTools/SDKs/MacOSX15.2.sdk -internal-isystem /Library/Developer/CommandLineTools/SDKs/MacOSX15.2.sdk/usr/local/include -internal-isystem /Library/Developer/CommandLineTools/usr/lib/clang/16/include -internal-externc-isystem /Library/Developer/CommandLineTools/SDKs/MacOSX15.2.sdk/usr/include -internal-externc-isystem /Library/Developer/CommandLineTools/usr/include -Wno-reorder-init-list -Wno-implicit-int-float-conversion -Wno-c99-designator -Wno-final-dtor-non-final-class -Wno-extra-semi-stmt -Wno-misleading-indentation -Wno-quoted-include-in-framework-header -Wno-implicit-fallthrough -Wno-enum-enum-conversion -Wno-enum-float-conversion -Wno-elaborated-enum-base -Wno-reserved-identifier -Wno-gnu-folding-constant -fdebug-compilation-dir=/Users/sellavi/Desktop/Codes/video-downloader-mv3/ffmpeg-builder/modules/x265/CMakeFiles/CMakeTmp -ferror-limit 19 -stack-protector 1 -fstack-check -mdarwin-stkchk-strong-link -fblocks -fencode-extended-block-signature -fregister-global-dtors-with-atexit -fgnuc-version=4.2.1 -fmax-type-align=16 -fcommon -clang-vendor-feature=+disableNonDependentMemberExprInCurrentInstantiation -fno-odr-hash-protocols -clang-vendor-feature=+enableAggressiveVLAFolding -clang-vendor-feature=+revert09abecef7bbf -clang-vendor-feature=+thisNoAlignAttr -clang-vendor-feature=+thisNoNullAttr -clang-vendor-feature=+disableAtImportPrivateFrameworkInImplementationError -D__GCC_HAVE_DWARF2_CFI_ASM=1 -o CMakeFiles/cmTC_45e52.dir/CMakeCCompilerABI.c.o -x c /opt/local/share/cmake-3.24/Modules/CMakeCCompilerABI.c]
  ignore line: [clang -cc1 version 16.0.0 (clang-1600.0.26.6) default target arm64-apple-darwin25.0.0]
  ignore line: [ignoring nonexistent directory "/Library/Developer/CommandLineTools/SDKs/MacOSX15.2.sdk/usr/local/include"]
  ignore line: [ignoring nonexistent directory "/Library/Developer/CommandLineTools/SDKs/MacOSX15.2.sdk/Library/Frameworks"]
  ignore line: [#include "..." search starts here:]
  ignore line: [#include <...> search starts here:]
  ignore line: [ /Library/Developer/CommandLineTools/usr/lib/clang/16/include]
  ignore line: [ /Library/Developer/CommandLineTools/SDKs/MacOSX15.2.sdk/usr/include]
  ignore line: [ /Library/Developer/CommandLineTools/usr/include]
  ignore line: [ /Library/Developer/CommandLineTools/SDKs/MacOSX15.2.sdk/System/Library/Frameworks (framework directory)]
  ignore line: [End of search list.]
  ignore line: [Linking C executable cmTC_45e52]
  ignore line: [/opt/local/bin/cmake -E cmake_link_script CMakeFiles/cmTC_45e52.dir/link.txt --verbose=1]
  ignore line: [/Library/Developer/CommandLineTools/usr/bin/cc  -arch arm64 -isysroot /Library/Developer/CommandLineTools/SDKs/MacOSX15.2.sdk -Wl -search_paths_first -Wl -headerpad_max_install_names -L/opt/homebrew/lib -L/opt/homebrew/opt/libxml2/lib -L/opt/homebrew/opt/libass/lib -L/opt/homebrew/opt/harfbuzz/lib -L/opt/homebrew/opt/libunibreak/lib -v -Wl -v CMakeFiles/cmTC_45e52.dir/CMakeCCompilerABI.c.o -o cmTC_45e52 ]
  ignore line: [Apple clang version 16.0.0 (clang-1600.0.26.6)]
  ignore line: [Target: arm64-apple-darwin25.0.0]
  ignore line: [Thread model: posix]
  ignore line: [InstalledDir: /Library/Developer/CommandLineTools/usr/bin]
  link line: [ "/Library/Developer/CommandLineTools/usr/bin/ld" -demangle -lto_library /Library/Developer/CommandLineTools/usr/lib/libLTO.dylib -dynamic -arch arm64 -platform_version macos 15.2.0 15.2 -syslibroot /Library/Developer/CommandLineTools/SDKs/MacOSX15.2.sdk -mllvm -enable-linkonceodr-outlining -o cmTC_45e52 -L/opt/homebrew/lib -L/opt/homebrew/opt/libxml2/lib -L/opt/homebrew/opt/libass/lib -L/opt/homebrew/opt/harfbuzz/lib -L/opt/homebrew/opt/libunibreak/lib -search_paths_first -headerpad_max_install_names -v CMakeFiles/cmTC_45e52.dir/CMakeCCompilerABI.c.o -lSystem /Library/Developer/CommandLineTools/usr/lib/clang/16/lib/darwin/libclang_rt.osx.a]
    arg [/Library/Developer/CommandLineTools/usr/bin/ld] ==> ignore
    arg [-demangle] ==> ignore
    arg [-lto_library] ==> ignore, skip following value
    arg [/Library/Developer/CommandLineTools/usr/lib/libLTO.dylib] ==> skip value of -lto_library
    arg [-dynamic] ==> ignore
    arg [-arch] ==> ignore
    arg [arm64] ==> ignore
    arg [-platform_version] ==> ignore
    arg [macos] ==> ignore
    arg [15.2.0] ==> ignore
    arg [15.2] ==> ignore
    arg [-syslibroot] ==> ignore
    arg [/Library/Developer/CommandLineTools/SDKs/MacOSX15.2.sdk] ==> ignore
    arg [-mllvm] ==> ignore
    arg [-enable-linkonceodr-outlining] ==> ignore
    arg [-o] ==> ignore
    arg [cmTC_45e52] ==> ignore
    arg [-L/opt/homebrew/lib] ==> dir [/opt/homebrew/lib]
    arg [-L/opt/homebrew/opt/libxml2/lib] ==> dir [/opt/homebrew/opt/libxml2/lib]
    arg [-L/opt/homebrew/opt/libass/lib] ==> dir [/opt/homebrew/opt/libass/lib]
    arg [-L/opt/homebrew/opt/harfbuzz/lib] ==> dir [/opt/homebrew/opt/harfbuzz/lib]
    arg [-L/opt/homebrew/opt/libunibreak/lib] ==> dir [/opt/homebrew/opt/libunibreak/lib]
    arg [-search_paths_first] ==> ignore
    arg [-headerpad_max_install_names] ==> ignore
    arg [-v] ==> ignore
    arg [CMakeFiles/cmTC_45e52.dir/CMakeCCompilerABI.c.o] ==> ignore
    arg [-lSystem] ==> lib [System]
    arg [/Library/Developer/CommandLineTools/usr/lib/clang/16/lib/darwin/libclang_rt.osx.a] ==> lib [/Library/Developer/CommandLineTools/usr/lib/clang/16/lib/darwin/libclang_rt.osx.a]
  Library search paths: [;/opt/homebrew/lib;/opt/homebrew/opt/libxml2/lib;/opt/homebrew/opt/libass/lib;/opt/homebrew/opt/harfbuzz/lib;/opt/homebrew/opt/libunibreak/lib;/Library/Developer/CommandLineTools/SDKs/MacOSX15.2.sdk/usr/lib;/Library/Developer/CommandLineTools/SDKs/MacOSX15.2.sdk/usr/lib/swift]
  Framework search paths: [;/Library/Developer/CommandLineTools/SDKs/MacOSX15.2.sdk/System/Library/Frameworks]
  remove lib [System]
  remove lib [/Library/Developer/CommandLineTools/usr/lib/clang/16/lib/darwin/libclang_rt.osx.a]
  collapse library dir [/opt/homebrew/lib] ==> [/opt/homebrew/lib]
  collapse library dir [/opt/homebrew/opt/libxml2/lib] ==> [/opt/homebrew/opt/libxml2/lib]
  collapse library dir [/opt/homebrew/opt/libass/lib] ==> [/opt/homebrew/opt/libass/lib]
  collapse library dir [/opt/homebrew/opt/harfbuzz/lib] ==> [/opt/homebrew/opt/harfbuzz/lib]
  collapse library dir [/opt/homebrew/opt/libunibreak/lib] ==> [/opt/homebrew/opt/libunibreak/lib]
  collapse library dir [/opt/homebrew/lib] ==> [/opt/homebrew/lib]
  collapse library dir [/opt/homebrew/opt/libxml2/lib] ==> [/opt/homebrew/opt/libxml2/lib]
  collapse library dir [/opt/homebrew/opt/libass/lib] ==> [/opt/homebrew/opt/libass/lib]
  collapse library dir [/opt/homebrew/opt/harfbuzz/lib] ==> [/opt/homebrew/opt/harfbuzz/lib]
  collapse library dir [/opt/homebrew/opt/libunibreak/lib] ==> [/opt/homebrew/opt/libunibreak/lib]
  collapse library dir [/Library/Developer/CommandLineTools/SDKs/MacOSX15.2.sdk/usr/lib] ==> [/Library/Developer/CommandLineTools/SDKs/MacOSX15.2.sdk/usr/lib]
  collapse library dir [/Library/Developer/CommandLineTools/SDKs/MacOSX15.2.sdk/usr/lib/swift] ==> [/Library/Developer/CommandLineTools/SDKs/MacOSX15.2.sdk/usr/lib/swift]
  collapse framework dir [/Library/Developer/CommandLineTools/SDKs/MacOSX15.2.sdk/System/Library/Frameworks] ==> [/Library/Developer/CommandLineTools/SDKs/MacOSX15.2.sdk/System/Library/Frameworks]
  implicit libs: []
  implicit objs: []
  implicit dirs: [/opt/homebrew/lib;/opt/homebrew/opt/libxml2/lib;/opt/homebrew/opt/libass/lib;/opt/homebrew/opt/harfbuzz/lib;/opt/homebrew/opt/libunibreak/lib;/Library/Developer/CommandLineTools/SDKs/MacOSX15.2.sdk/usr/lib;/Library/Developer/CommandLineTools/SDKs/MacOSX15.2.sdk/usr/lib/swift]
  implicit fwks: [/Library/Developer/CommandLineTools/SDKs/MacOSX15.2.sdk/System/Library/Frameworks]


Detecting CXX compiler ABI info compiled with the following output:
Change Dir: /Users/sellavi/Desktop/Codes/video-downloader-mv3/ffmpeg-builder/modules/x265/CMakeFiles/CMakeTmp

Run Build Command(s):/usr/bin/make -f Makefile cmTC_f2896/fast && /Library/Developer/CommandLineTools/usr/bin/make  -f CMakeFiles/cmTC_f2896.dir/build.make CMakeFiles/cmTC_f2896.dir/build
Building CXX object CMakeFiles/cmTC_f2896.dir/CMakeCXXCompilerABI.cpp.o
/Library/Developer/CommandLineTools/usr/bin/c++   -arch arm64 -isysroot /Library/Developer/CommandLineTools/SDKs/MacOSX15.2.sdk   -v -Wl,-v -MD -MT CMakeFiles/cmTC_f2896.dir/CMakeCXXCompilerABI.cpp.o -MF CMakeFiles/cmTC_f2896.dir/CMakeCXXCompilerABI.cpp.o.d -o CMakeFiles/cmTC_f2896.dir/CMakeCXXCompilerABI.cpp.o -c /opt/local/share/cmake-3.24/Modules/CMakeCXXCompilerABI.cpp
Apple clang version 16.0.0 (clang-1600.0.26.6)
Target: arm64-apple-darwin25.0.0
Thread model: posix
InstalledDir: /Library/Developer/CommandLineTools/usr/bin
c++: warning: -Wl,-v: 'linker' input unused [-Wunused-command-line-argument]
ignoring nonexistent directory "/Library/Developer/CommandLineTools/usr/bin/../include/c++/v1"
 "/Library/Developer/CommandLineTools/usr/bin/clang" -cc1 -triple arm64-apple-macosx15.2.0 -Wundef-prefix=TARGET_OS_ -Wdeprecated-objc-isa-usage -Werror=deprecated-objc-isa-usage -Werror=implicit-function-declaration -emit-obj -mrelax-all -disable-free -clear-ast-before-backend -disable-llvm-verifier -discard-value-names -main-file-name CMakeCXXCompilerABI.cpp -mrelocation-model pic -pic-level 2 -mframe-pointer=non-leaf -fno-strict-return -ffp-contract=on -fno-rounding-math -funwind-tables=1 -fobjc-msgsend-selector-stubs -target-sdk-version=15.2 -fvisibility-inlines-hidden-static-local-var -fno-modulemap-allow-subdirectory-search -target-cpu apple-m1 -target-feature +v8.5a -target-feature +aes -target-feature +crc -target-feature +dotprod -target-feature +fp-armv8 -target-feature +fp16fml -target-feature +lse -target-feature +ras -target-feature +rcpc -target-feature +rdm -target-feature +sha2 -target-feature +sha3 -target-feature +neon -target-feature +zcm -target-feature +zcz -target-feature +fullfp16 -target-abi darwinpcs -debugger-tuning=lldb -target-linker-version 1115.7.3 -v -fcoverage-compilation-dir=/Users/sellavi/Desktop/Codes/video-downloader-mv3/ffmpeg-builder/modules/x265/CMakeFiles/CMakeTmp -resource-dir /Library/Developer/CommandLineTools/usr/lib/clang/16 -dependency-file CMakeFiles/cmTC_f2896.dir/CMakeCXXCompilerABI.cpp.o.d -skip-unused-modulemap-deps -MT CMakeFiles/cmTC_f2896.dir/CMakeCXXCompilerABI.cpp.o -sys-header-deps -isysroot /Library/Developer/CommandLineTools/SDKs/MacOSX15.2.sdk -internal-isystem /Library/Developer/CommandLineTools/SDKs/MacOSX15.2.sdk/usr/include/c++/v1 -internal-isystem /Library/Developer/CommandLineTools/SDKs/MacOSX15.2.sdk/usr/local/include -internal-isystem /Library/Developer/CommandLineTools/usr/lib/clang/16/include -internal-externc-isystem /Library/Developer/CommandLineTools/SDKs/MacOSX15.2.sdk/usr/include -internal-externc-isystem /Library/Developer/CommandLineTools/usr/include -Wno-reorder-init-list -Wno-implicit-int-float-conversion -Wno-c99-designator -Wno-final-dtor-non-final-class -Wno-extra-semi-stmt -Wno-misleading-indentation -Wno-quoted-include-in-framework-header -Wno-implicit-fallthrough -Wno-enum-enum-conversion -Wno-enum-float-conversion -Wno-elaborated-enum-base -Wno-reserved-identifier -Wno-gnu-folding-constant -fdeprecated-macro -fdebug-compilation-dir=/Users/sellavi/Desktop/Codes/video-downloader-mv3/ffmpeg-builder/modules/x265/CMakeFiles/CMakeTmp -ferror-limit 19 -stack-protector 1 -fstack-check -mdarwin-stkchk-strong-link -fblocks -fencode-extended-block-signature -fregister-global-dtors-with-atexit -fgnuc-version=4.2.1 -fno-cxx-modules -fcxx-exceptions -fexceptions -fmax-type-align=16 -fcommon -clang-vendor-feature=+disableNonDependentMemberExprInCurrentInstantiation -fno-odr-hash-protocols -clang-vendor-feature=+enableAggressiveVLAFolding -clang-vendor-feature=+revert09abecef7bbf -clang-vendor-feature=+thisNoAlignAttr -clang-vendor-feature=+thisNoNullAttr -clang-vendor-feature=+disableAtImportPrivateFrameworkInImplementationError -D__GCC_HAVE_DWARF2_CFI_ASM=1 -o CMakeFiles/cmTC_f2896.dir/CMakeCXXCompilerABI.cpp.o -x c++ /opt/local/share/cmake-3.24/Modules/CMakeCXXCompilerABI.cpp
clang -cc1 version 16.0.0 (clang-1600.0.26.6) default target arm64-apple-darwin25.0.0
ignoring nonexistent directory "/Library/Developer/CommandLineTools/SDKs/MacOSX15.2.sdk/usr/local/include"
ignoring nonexistent directory "/Library/Developer/CommandLineTools/SDKs/MacOSX15.2.sdk/Library/Frameworks"
#include "..." search starts here:
#include <...> search starts here:
 /Library/Developer/CommandLineTools/SDKs/MacOSX15.2.sdk/usr/include/c++/v1
 /Library/Developer/CommandLineTools/usr/lib/clang/16/include
 /Library/Developer/CommandLineTools/SDKs/MacOSX15.2.sdk/usr/include
 /Library/Developer/CommandLineTools/usr/include
 /Library/Developer/CommandLineTools/SDKs/MacOSX15.2.sdk/System/Library/Frameworks (framework directory)
End of search list.
Linking CXX executable cmTC_f2896
/opt/local/bin/cmake -E cmake_link_script CMakeFiles/cmTC_f2896.dir/link.txt --verbose=1
/Library/Developer/CommandLineTools/usr/bin/c++  -arch arm64 -isysroot /Library/Developer/CommandLineTools/SDKs/MacOSX15.2.sdk -Wl,-search_paths_first -Wl,-headerpad_max_install_names -L/opt/homebrew/lib -L/opt/homebrew/opt/libxml2/lib -L/opt/homebrew/opt/libass/lib -L/opt/homebrew/opt/harfbuzz/lib -L/opt/homebrew/opt/libunibreak/lib -v -Wl,-v CMakeFiles/cmTC_f2896.dir/CMakeCXXCompilerABI.cpp.o -o cmTC_f2896 
Apple clang version 16.0.0 (clang-1600.0.26.6)
Target: arm64-apple-darwin25.0.0
Thread model: posix
InstalledDir: /Library/Developer/CommandLineTools/usr/bin
 "/Library/Developer/CommandLineTools/usr/bin/ld" -demangle -lto_library /Library/Developer/CommandLineTools/usr/lib/libLTO.dylib -dynamic -arch arm64 -platform_version macos 15.2.0 15.2 -syslibroot /Library/Developer/CommandLineTools/SDKs/MacOSX15.2.sdk -mllvm -enable-linkonceodr-outlining -o cmTC_f2896 -L/opt/homebrew/lib -L/opt/homebrew/opt/libxml2/lib -L/opt/homebrew/opt/libass/lib -L/opt/homebrew/opt/harfbuzz/lib -L/opt/homebrew/opt/libunibreak/lib -search_paths_first -headerpad_max_install_names -v CMakeFiles/cmTC_f2896.dir/CMakeCXXCompilerABI.cpp.o -lc++ -lSystem /Library/Developer/CommandLineTools/usr/lib/clang/16/lib/darwin/libclang_rt.osx.a
@(#)PROGRAM:ld PROJECT:ld-1115.7.3
BUILD 23:52:02 Dec  5 2024
configured to support archs: armv6 armv7 armv7s arm64 arm64e arm64_32 i386 x86_64 x86_64h armv6m armv7k armv7m armv7em
will use ld-classic for: armv6 armv7 armv7s i386 armv6m armv7k armv7m armv7em
LTO support using: LLVM version 16.0.0 (static support for 29, runtime is 29)
TAPI support using: Apple TAPI version 16.0.0 (tapi-1600.0.11.9)
Library search paths:
	/opt/homebrew/lib
	/opt/homebrew/opt/libxml2/lib
	/opt/homebrew/opt/libass/lib
	/opt/homebrew/opt/harfbuzz/lib
	/opt/homebrew/opt/libunibreak/lib
	/Library/Developer/CommandLineTools/SDKs/MacOSX15.2.sdk/usr/lib
	/Library/Developer/CommandLineTools/SDKs/MacOSX15.2.sdk/usr/lib/swift
Framework search paths:
	/Library/Developer/CommandLineTools/SDKs/MacOSX15.2.sdk/System/Library/Frameworks



Parsed CXX implicit include dir info from above output: rv=done
  found start of include info
  found start of implicit include info
    add: [/Library/Developer/CommandLineTools/SDKs/MacOSX15.2.sdk/usr/include/c++/v1]
    add: [/Library/Developer/CommandLineTools/usr/lib/clang/16/include]
    add: [/Library/Developer/CommandLineTools/SDKs/MacOSX15.2.sdk/usr/include]
    add: [/Library/Developer/CommandLineTools/usr/include]
  end of search list found
  collapse include dir [/Library/Developer/CommandLineTools/SDKs/MacOSX15.2.sdk/usr/include/c++/v1] ==> [/Library/Developer/CommandLineTools/SDKs/MacOSX15.2.sdk/usr/include/c++/v1]
  collapse include dir [/Library/Developer/CommandLineTools/usr/lib/clang/16/include] ==> [/Library/Developer/CommandLineTools/usr/lib/clang/16/include]
  collapse include dir [/Library/Developer/CommandLineTools/SDKs/MacOSX15.2.sdk/usr/include] ==> [/Library/Developer/CommandLineTools/SDKs/MacOSX15.2.sdk/usr/include]
  collapse include dir [/Library/Developer/CommandLineTools/usr/include] ==> [/Library/Developer/CommandLineTools/usr/include]
  implicit include dirs: [/Library/Developer/CommandLineTools/SDKs/MacOSX15.2.sdk/usr/include/c++/v1;/Library/Developer/CommandLineTools/usr/lib/clang/16/include;/Library/Developer/CommandLineTools/SDKs/MacOSX15.2.sdk/usr/include;/Library/Developer/CommandLineTools/usr/include]


Parsed CXX implicit link information from above output:
  link line regex: [^( *|.*[/\])(ld|CMAKE_LINK_STARTFILE-NOTFOUND|([^/\]+-)?ld|collect2)[^/\]*( |$)]
  ignore line: [Change Dir: /Users/sellavi/Desktop/Codes/video-downloader-mv3/ffmpeg-builder/modules/x265/CMakeFiles/CMakeTmp]
  ignore line: []
  ignore line: [Run Build Command(s):/usr/bin/make -f Makefile cmTC_f2896/fast && /Library/Developer/CommandLineTools/usr/bin/make  -f CMakeFiles/cmTC_f2896.dir/build.make CMakeFiles/cmTC_f2896.dir/build]
  ignore line: [Building CXX object CMakeFiles/cmTC_f2896.dir/CMakeCXXCompilerABI.cpp.o]
  ignore line: [/Library/Developer/CommandLineTools/usr/bin/c++   -arch arm64 -isysroot /Library/Developer/CommandLineTools/SDKs/MacOSX15.2.sdk   -v -Wl -v -MD -MT CMakeFiles/cmTC_f2896.dir/CMakeCXXCompilerABI.cpp.o -MF CMakeFiles/cmTC_f2896.dir/CMakeCXXCompilerABI.cpp.o.d -o CMakeFiles/cmTC_f2896.dir/CMakeCXXCompilerABI.cpp.o -c /opt/local/share/cmake-3.24/Modules/CMakeCXXCompilerABI.cpp]
  ignore line: [Apple clang version 16.0.0 (clang-1600.0.26.6)]
  ignore line: [Target: arm64-apple-darwin25.0.0]
  ignore line: [Thread model: posix]
  ignore line: [InstalledDir: /Library/Developer/CommandLineTools/usr/bin]
  ignore line: [c++: warning: -Wl -v: 'linker' input unused [-Wunused-command-line-argument]]
  ignore line: [ignoring nonexistent directory "/Library/Developer/CommandLineTools/usr/bin/../include/c++/v1"]
  ignore line: [ "/Library/Developer/CommandLineTools/usr/bin/clang" -cc1 -triple arm64-apple-macosx15.2.0 -Wundef-prefix=TARGET_OS_ -Wdeprecated-objc-isa-usage -Werror=deprecated-objc-isa-usage -Werror=implicit-function-declaration -emit-obj -mrelax-all -disable-free -clear-ast-before-backend -disable-llvm-verifier -discard-value-names -main-file-name CMakeCXXCompilerABI.cpp -mrelocation-model pic -pic-level 2 -mframe-pointer=non-leaf -fno-strict-return -ffp-contract=on -fno-rounding-math -funwind-tables=1 -fobjc-msgsend-selector-stubs -target-sdk-version=15.2 -fvisibility-inlines-hidden-static-local-var -fno-modulemap-allow-subdirectory-search -target-cpu apple-m1 -target-feature +v8.5a -target-feature +aes -target-feature +crc -target-feature +dotprod -target-feature +fp-armv8 -target-feature +fp16fml -target-feature +lse -target-feature +ras -target-feature +rcpc -target-feature +rdm -target-feature +sha2 -target-feature +sha3 -target-feature +neon -target-feature +zcm -target-feature +zcz -target-feature +fullfp16 -target-abi darwinpcs -debugger-tuning=lldb -target-linker-version 1115.7.3 -v -fcoverage-compilation-dir=/Users/sellavi/Desktop/Codes/video-downloader-mv3/ffmpeg-builder/modules/x265/CMakeFiles/CMakeTmp -resource-dir /Library/Developer/CommandLineTools/usr/lib/clang/16 -dependency-file CMakeFiles/cmTC_f2896.dir/CMakeCXXCompilerABI.cpp.o.d -skip-unused-modulemap-deps -MT CMakeFiles/cmTC_f2896.dir/CMakeCXXCompilerABI.cpp.o -sys-header-deps -isysroot /Library/Developer/CommandLineTools/SDKs/MacOSX15.2.sdk -internal-isystem /Library/Developer/CommandLineTools/SDKs/MacOSX15.2.sdk/usr/include/c++/v1 -internal-isystem /Library/Developer/CommandLineTools/SDKs/MacOSX15.2.sdk/usr/local/include -internal-isystem /Library/Developer/CommandLineTools/usr/lib/clang/16/include -internal-externc-isystem /Library/Developer/CommandLineTools/SDKs/MacOSX15.2.sdk/usr/include -internal-externc-isystem /Library/Developer/CommandLineTools/usr/include -Wno-reorder-init-list -Wno-implicit-int-float-conversion -Wno-c99-designator -Wno-final-dtor-non-final-class -Wno-extra-semi-stmt -Wno-misleading-indentation -Wno-quoted-include-in-framework-header -Wno-implicit-fallthrough -Wno-enum-enum-conversion -Wno-enum-float-conversion -Wno-elaborated-enum-base -Wno-reserved-identifier -Wno-gnu-folding-constant -fdeprecated-macro -fdebug-compilation-dir=/Users/sellavi/Desktop/Codes/video-downloader-mv3/ffmpeg-builder/modules/x265/CMakeFiles/CMakeTmp -ferror-limit 19 -stack-protector 1 -fstack-check -mdarwin-stkchk-strong-link -fblocks -fencode-extended-block-signature -fregister-global-dtors-with-atexit -fgnuc-version=4.2.1 -fno-cxx-modules -fcxx-exceptions -fexceptions -fmax-type-align=16 -fcommon -clang-vendor-feature=+disableNonDependentMemberExprInCurrentInstantiation -fno-odr-hash-protocols -clang-vendor-feature=+enableAggressiveVLAFolding -clang-vendor-feature=+revert09abecef7bbf -clang-vendor-feature=+thisNoAlignAttr -clang-vendor-feature=+thisNoNullAttr -clang-vendor-feature=+disableAtImportPrivateFrameworkInImplementationError -D__GCC_HAVE_DWARF2_CFI_ASM=1 -o CMakeFiles/cmTC_f2896.dir/CMakeCXXCompilerABI.cpp.o -x c++ /opt/local/share/cmake-3.24/Modules/CMakeCXXCompilerABI.cpp]
  ignore line: [clang -cc1 version 16.0.0 (clang-1600.0.26.6) default target arm64-apple-darwin25.0.0]
  ignore line: [ignoring nonexistent directory "/Library/Developer/CommandLineTools/SDKs/MacOSX15.2.sdk/usr/local/include"]
  ignore line: [ignoring nonexistent directory "/Library/Developer/CommandLineTools/SDKs/MacOSX15.2.sdk/Library/Frameworks"]
  ignore line: [#include "..." search starts here:]
  ignore line: [#include <...> search starts here:]
  ignore line: [ /Library/Developer/CommandLineTools/SDKs/MacOSX15.2.sdk/usr/include/c++/v1]
  ignore line: [ /Library/Developer/CommandLineTools/usr/lib/clang/16/include]
  ignore line: [ /Library/Developer/CommandLineTools/SDKs/MacOSX15.2.sdk/usr/include]
  ignore line: [ /Library/Developer/CommandLineTools/usr/include]
  ignore line: [ /Library/Developer/CommandLineTools/SDKs/MacOSX15.2.sdk/System/Library/Frameworks (framework directory)]
  ignore line: [End of search list.]
  ignore line: [Linking CXX executable cmTC_f2896]
  ignore line: [/opt/local/bin/cmake -E cmake_link_script CMakeFiles/cmTC_f2896.dir/link.txt --verbose=1]
  ignore line: [/Library/Developer/CommandLineTools/usr/bin/c++  -arch arm64 -isysroot /Library/Developer/CommandLineTools/SDKs/MacOSX15.2.sdk -Wl -search_paths_first -Wl -headerpad_max_install_names -L/opt/homebrew/lib -L/opt/homebrew/opt/libxml2/lib -L/opt/homebrew/opt/libass/lib -L/opt/homebrew/opt/harfbuzz/lib -L/opt/homebrew/opt/libunibreak/lib -v -Wl -v CMakeFiles/cmTC_f2896.dir/CMakeCXXCompilerABI.cpp.o -o cmTC_f2896 ]
  ignore line: [Apple clang version 16.0.0 (clang-1600.0.26.6)]
  ignore line: [Target: arm64-apple-darwin25.0.0]
  ignore line: [Thread model: posix]
  ignore line: [InstalledDir: /Library/Developer/CommandLineTools/usr/bin]
  link line: [ "/Library/Developer/CommandLineTools/usr/bin/ld" -demangle -lto_library /Library/Developer/CommandLineTools/usr/lib/libLTO.dylib -dynamic -arch arm64 -platform_version macos 15.2.0 15.2 -syslibroot /Library/Developer/CommandLineTools/SDKs/MacOSX15.2.sdk -mllvm -enable-linkonceodr-outlining -o cmTC_f2896 -L/opt/homebrew/lib -L/opt/homebrew/opt/libxml2/lib -L/opt/homebrew/opt/libass/lib -L/opt/homebrew/opt/harfbuzz/lib -L/opt/homebrew/opt/libunibreak/lib -search_paths_first -headerpad_max_install_names -v CMakeFiles/cmTC_f2896.dir/CMakeCXXCompilerABI.cpp.o -lc++ -lSystem /Library/Developer/CommandLineTools/usr/lib/clang/16/lib/darwin/libclang_rt.osx.a]
    arg [/Library/Developer/CommandLineTools/usr/bin/ld] ==> ignore
    arg [-demangle] ==> ignore
    arg [-lto_library] ==> ignore, skip following value
    arg [/Library/Developer/CommandLineTools/usr/lib/libLTO.dylib] ==> skip value of -lto_library
    arg [-dynamic] ==> ignore
    arg [-arch] ==> ignore
    arg [arm64] ==> ignore
    arg [-platform_version] ==> ignore
    arg [macos] ==> ignore
    arg [15.2.0] ==> ignore
    arg [15.2] ==> ignore
    arg [-syslibroot] ==> ignore
    arg [/Library/Developer/CommandLineTools/SDKs/MacOSX15.2.sdk] ==> ignore
    arg [-mllvm] ==> ignore
    arg [-enable-linkonceodr-outlining] ==> ignore
    arg [-o] ==> ignore
    arg [cmTC_f2896] ==> ignore
    arg [-L/opt/homebrew/lib] ==> dir [/opt/homebrew/lib]
    arg [-L/opt/homebrew/opt/libxml2/lib] ==> dir [/opt/homebrew/opt/libxml2/lib]
    arg [-L/opt/homebrew/opt/libass/lib] ==> dir [/opt/homebrew/opt/libass/lib]
    arg [-L/opt/homebrew/opt/harfbuzz/lib] ==> dir [/opt/homebrew/opt/harfbuzz/lib]
    arg [-L/opt/homebrew/opt/libunibreak/lib] ==> dir [/opt/homebrew/opt/libunibreak/lib]
    arg [-search_paths_first] ==> ignore
    arg [-headerpad_max_install_names] ==> ignore
    arg [-v] ==> ignore
    arg [CMakeFiles/cmTC_f2896.dir/CMakeCXXCompilerABI.cpp.o] ==> ignore
    arg [-lc++] ==> lib [c++]
    arg [-lSystem] ==> lib [System]
    arg [/Library/Developer/CommandLineTools/usr/lib/clang/16/lib/darwin/libclang_rt.osx.a] ==> lib [/Library/Developer/CommandLineTools/usr/lib/clang/16/lib/darwin/libclang_rt.osx.a]
  Library search paths: [;/opt/homebrew/lib;/opt/homebrew/opt/libxml2/lib;/opt/homebrew/opt/libass/lib;/opt/homebrew/opt/harfbuzz/lib;/opt/homebrew/opt/libunibreak/lib;/Library/Developer/CommandLineTools/SDKs/MacOSX15.2.sdk/usr/lib;/Library/Developer/CommandLineTools/SDKs/MacOSX15.2.sdk/usr/lib/swift]
  Framework search paths: [;/Library/Developer/CommandLineTools/SDKs/MacOSX15.2.sdk/System/Library/Frameworks]
  remove lib [System]
  remove lib [/Library/Developer/CommandLineTools/usr/lib/clang/16/lib/darwin/libclang_rt.osx.a]
  collapse library dir [/opt/homebrew/lib] ==> [/opt/homebrew/lib]
  collapse library dir [/opt/homebrew/opt/libxml2/lib] ==> [/opt/homebrew/opt/libxml2/lib]
  collapse library dir [/opt/homebrew/opt/libass/lib] ==> [/opt/homebrew/opt/libass/lib]
  collapse library dir [/opt/homebrew/opt/harfbuzz/lib] ==> [/opt/homebrew/opt/harfbuzz/lib]
  collapse library dir [/opt/homebrew/opt/libunibreak/lib] ==> [/opt/homebrew/opt/libunibreak/lib]
  collapse library dir [/opt/homebrew/lib] ==> [/opt/homebrew/lib]
  collapse library dir [/opt/homebrew/opt/libxml2/lib] ==> [/opt/homebrew/opt/libxml2/lib]
  collapse library dir [/opt/homebrew/opt/libass/lib] ==> [/opt/homebrew/opt/libass/lib]
  collapse library dir [/opt/homebrew/opt/harfbuzz/lib] ==> [/opt/homebrew/opt/harfbuzz/lib]
  collapse library dir [/opt/homebrew/opt/libunibreak/lib] ==> [/opt/homebrew/opt/libunibreak/lib]
  collapse library dir [/Library/Developer/CommandLineTools/SDKs/MacOSX15.2.sdk/usr/lib] ==> [/Library/Developer/CommandLineTools/SDKs/MacOSX15.2.sdk/usr/lib]
  collapse library dir [/Library/Developer/CommandLineTools/SDKs/MacOSX15.2.sdk/usr/lib/swift] ==> [/Library/Developer/CommandLineTools/SDKs/MacOSX15.2.sdk/usr/lib/swift]
  collapse framework dir [/Library/Developer/CommandLineTools/SDKs/MacOSX15.2.sdk/System/Library/Frameworks] ==> [/Library/Developer/CommandLineTools/SDKs/MacOSX15.2.sdk/System/Library/Frameworks]
  implicit libs: [c++]
  implicit objs: []
  implicit dirs: [/opt/homebrew/lib;/opt/homebrew/opt/libxml2/lib;/opt/homebrew/opt/libass/lib;/opt/homebrew/opt/harfbuzz/lib;/opt/homebrew/opt/libunibreak/lib;/Library/Developer/CommandLineTools/SDKs/MacOSX15.2.sdk/usr/lib;/Library/Developer/CommandLineTools/SDKs/MacOSX15.2.sdk/usr/lib/swift]
  implicit fwks: [/Library/Developer/CommandLineTools/SDKs/MacOSX15.2.sdk/System/Library/Frameworks]


Determining if files inttypes.h exist passed with the following output:
Change Dir: /Users/sellavi/Desktop/Codes/video-downloader-mv3/ffmpeg-builder/modules/x265/CMakeFiles/CMakeTmp

Run Build Command(s):/usr/bin/make -f Makefile cmTC_29226/fast && /Library/Developer/CommandLineTools/usr/bin/make  -f CMakeFiles/cmTC_29226.dir/build.make CMakeFiles/cmTC_29226.dir/build
Building C object CMakeFiles/cmTC_29226.dir/HAVE_INT_TYPES_H.c.o
/Library/Developer/CommandLineTools/usr/bin/cc   -arch arm64 -isysroot /Library/Developer/CommandLineTools/SDKs/MacOSX15.2.sdk -MD -MT CMakeFiles/cmTC_29226.dir/HAVE_INT_TYPES_H.c.o -MF CMakeFiles/cmTC_29226.dir/HAVE_INT_TYPES_H.c.o.d -o CMakeFiles/cmTC_29226.dir/HAVE_INT_TYPES_H.c.o -c /Users/sellavi/Desktop/Codes/video-downloader-mv3/ffmpeg-builder/modules/x265/CMakeFiles/CheckIncludeFiles/HAVE_INT_TYPES_H.c
Linking C executable cmTC_29226
/opt/local/bin/cmake -E cmake_link_script CMakeFiles/cmTC_29226.dir/link.txt --verbose=1
/Library/Developer/CommandLineTools/usr/bin/cc  -arch arm64 -isysroot /Library/Developer/CommandLineTools/SDKs/MacOSX15.2.sdk -Wl,-search_paths_first -Wl,-headerpad_max_install_names -L/opt/homebrew/lib -L/opt/homebrew/opt/libxml2/lib -L/opt/homebrew/opt/libass/lib -L/opt/homebrew/opt/harfbuzz/lib -L/opt/homebrew/opt/libunibreak/lib  CMakeFiles/cmTC_29226.dir/HAVE_INT_TYPES_H.c.o -o cmTC_29226 



Performing C SOURCE FILE Test SVE_HEADER_C_TEST_COMPILED succeeded with the following output:
Change Dir: /Users/sellavi/Desktop/Codes/video-downloader-mv3/ffmpeg-builder/modules/x265/CMakeFiles/CMakeTmp

Run Build Command(s):/usr/bin/make -f Makefile cmTC_31be6/fast && /Library/Developer/CommandLineTools/usr/bin/make  -f CMakeFiles/cmTC_31be6.dir/build.make CMakeFiles/cmTC_31be6.dir/build
Building C object CMakeFiles/cmTC_31be6.dir/src.c.o
/Library/Developer/CommandLineTools/usr/bin/cc -DSVE_HEADER_C_TEST_COMPILED  -march=armv8.2-a+dotprod+i8mm+sve -arch arm64 -isysroot /Library/Developer/CommandLineTools/SDKs/MacOSX15.2.sdk -MD -MT CMakeFiles/cmTC_31be6.dir/src.c.o -MF CMakeFiles/cmTC_31be6.dir/src.c.o.d -o CMakeFiles/cmTC_31be6.dir/src.c.o -c /Users/sellavi/Desktop/Codes/video-downloader-mv3/ffmpeg-builder/modules/x265/CMakeFiles/CMakeTmp/src.c
Linking C static library libcmTC_31be6.a
/opt/local/bin/cmake -P CMakeFiles/cmTC_31be6.dir/cmake_clean_target.cmake
/opt/local/bin/cmake -E cmake_link_script CMakeFiles/cmTC_31be6.dir/link.txt --verbose=1
/Library/Developer/CommandLineTools/usr/bin/ar qc libcmTC_31be6.a CMakeFiles/cmTC_31be6.dir/src.c.o
/Library/Developer/CommandLineTools/usr/bin/ranlib libcmTC_31be6.a


Source file was:

#ifndef __ARM_NEON_SVE_BRIDGE
#error 1
#endif
#include <arm_sve.h>
#include <arm_neon_sve_bridge.h>
int main() { return 0; }
Performing C++ SOURCE FILE Test SVE_HEADER_CXX_TEST_COMPILED succeeded with the following output:
Change Dir: /Users/sellavi/Desktop/Codes/video-downloader-mv3/ffmpeg-builder/modules/x265/CMakeFiles/CMakeTmp

Run Build Command(s):/usr/bin/make -f Makefile cmTC_97c95/fast && /Library/Developer/CommandLineTools/usr/bin/make  -f CMakeFiles/cmTC_97c95.dir/build.make CMakeFiles/cmTC_97c95.dir/build
Building CXX object CMakeFiles/cmTC_97c95.dir/src.cxx.o
/Library/Developer/CommandLineTools/usr/bin/c++ -DSVE_HEADER_CXX_TEST_COMPILED  -march=armv8.2-a+dotprod+i8mm+sve -arch arm64 -isysroot /Library/Developer/CommandLineTools/SDKs/MacOSX15.2.sdk -MD -MT CMakeFiles/cmTC_97c95.dir/src.cxx.o -MF CMakeFiles/cmTC_97c95.dir/src.cxx.o.d -o CMakeFiles/cmTC_97c95.dir/src.cxx.o -c /Users/sellavi/Desktop/Codes/video-downloader-mv3/ffmpeg-builder/modules/x265/CMakeFiles/CMakeTmp/src.cxx
Linking CXX static library libcmTC_97c95.a
/opt/local/bin/cmake -P CMakeFiles/cmTC_97c95.dir/cmake_clean_target.cmake
/opt/local/bin/cmake -E cmake_link_script CMakeFiles/cmTC_97c95.dir/link.txt --verbose=1
/Library/Developer/CommandLineTools/usr/bin/ar qc libcmTC_97c95.a CMakeFiles/cmTC_97c95.dir/src.cxx.o
/Library/Developer/CommandLineTools/usr/bin/ranlib libcmTC_97c95.a


Source file was:

#ifndef __ARM_NEON_SVE_BRIDGE
#error 1
#endif
#include <arm_sve.h>
#include <arm_neon_sve_bridge.h>
int main() { return 0; }
Performing C++ SOURCE FILE Test CC_HAS_FLAX_VEC_CONV_NONE succeeded with the following output:
Change Dir: /Users/sellavi/Desktop/Codes/video-downloader-mv3/ffmpeg-builder/modules/x265/CMakeFiles/CMakeTmp

Run Build Command(s):/usr/bin/make -f Makefile cmTC_793d3/fast && /Library/Developer/CommandLineTools/usr/bin/make  -f CMakeFiles/cmTC_793d3.dir/build.make CMakeFiles/cmTC_793d3.dir/build
Building CXX object CMakeFiles/cmTC_793d3.dir/src.cxx.o
/Library/Developer/CommandLineTools/usr/bin/c++ -DCC_HAS_FLAX_VEC_CONV_NONE  -arch arm64 -isysroot /Library/Developer/CommandLineTools/SDKs/MacOSX15.2.sdk   -flax-vector-conversions=none -MD -MT CMakeFiles/cmTC_793d3.dir/src.cxx.o -MF CMakeFiles/cmTC_793d3.dir/src.cxx.o.d -o CMakeFiles/cmTC_793d3.dir/src.cxx.o -c /Users/sellavi/Desktop/Codes/video-downloader-mv3/ffmpeg-builder/modules/x265/CMakeFiles/CMakeTmp/src.cxx
Linking CXX executable cmTC_793d3
/opt/local/bin/cmake -E cmake_link_script CMakeFiles/cmTC_793d3.dir/link.txt --verbose=1
/Library/Developer/CommandLineTools/usr/bin/c++  -arch arm64 -isysroot /Library/Developer/CommandLineTools/SDKs/MacOSX15.2.sdk -Wl,-search_paths_first -Wl,-headerpad_max_install_names -L/opt/homebrew/lib -L/opt/homebrew/opt/libxml2/lib -L/opt/homebrew/opt/libass/lib -L/opt/homebrew/opt/harfbuzz/lib -L/opt/homebrew/opt/libunibreak/lib  CMakeFiles/cmTC_793d3.dir/src.cxx.o -o cmTC_793d3 


Source file was:
int main() { return 0; }
Performing C++ SOURCE FILE Test CC_HAS_NO_STRICT_OVERFLOW succeeded with the following output:
Change Dir: /Users/sellavi/Desktop/Codes/video-downloader-mv3/ffmpeg-builder/modules/x265/CMakeFiles/CMakeTmp

Run Build Command(s):/usr/bin/make -f Makefile cmTC_eced1/fast && /Library/Developer/CommandLineTools/usr/bin/make  -f CMakeFiles/cmTC_eced1.dir/build.make CMakeFiles/cmTC_eced1.dir/build
Building CXX object CMakeFiles/cmTC_eced1.dir/src.cxx.o
/Library/Developer/CommandLineTools/usr/bin/c++ -DCC_HAS_NO_STRICT_OVERFLOW  -arch arm64 -isysroot /Library/Developer/CommandLineTools/SDKs/MacOSX15.2.sdk   -Wno-strict-overflow -MD -MT CMakeFiles/cmTC_eced1.dir/src.cxx.o -MF CMakeFiles/cmTC_eced1.dir/src.cxx.o.d -o CMakeFiles/cmTC_eced1.dir/src.cxx.o -c /Users/sellavi/Desktop/Codes/video-downloader-mv3/ffmpeg-builder/modules/x265/CMakeFiles/CMakeTmp/src.cxx
Linking CXX executable cmTC_eced1
/opt/local/bin/cmake -E cmake_link_script CMakeFiles/cmTC_eced1.dir/link.txt --verbose=1
/Library/Developer/CommandLineTools/usr/bin/c++  -arch arm64 -isysroot /Library/Developer/CommandLineTools/SDKs/MacOSX15.2.sdk -Wl,-search_paths_first -Wl,-headerpad_max_install_names -L/opt/homebrew/lib -L/opt/homebrew/opt/libxml2/lib -L/opt/homebrew/opt/libass/lib -L/opt/homebrew/opt/harfbuzz/lib -L/opt/homebrew/opt/libunibreak/lib  CMakeFiles/cmTC_eced1.dir/src.cxx.o -o cmTC_eced1 


Source file was:
int main() { return 0; }
Performing C++ SOURCE FILE Test CC_HAS_NO_NARROWING succeeded with the following output:
Change Dir: /Users/sellavi/Desktop/Codes/video-downloader-mv3/ffmpeg-builder/modules/x265/CMakeFiles/CMakeTmp

Run Build Command(s):/usr/bin/make -f Makefile cmTC_cc34e/fast && /Library/Developer/CommandLineTools/usr/bin/make  -f CMakeFiles/cmTC_cc34e.dir/build.make CMakeFiles/cmTC_cc34e.dir/build
Building CXX object CMakeFiles/cmTC_cc34e.dir/src.cxx.o
/Library/Developer/CommandLineTools/usr/bin/c++ -DCC_HAS_NO_NARROWING  -arch arm64 -isysroot /Library/Developer/CommandLineTools/SDKs/MacOSX15.2.sdk   -Wno-narrowing -MD -MT CMakeFiles/cmTC_cc34e.dir/src.cxx.o -MF CMakeFiles/cmTC_cc34e.dir/src.cxx.o.d -o CMakeFiles/cmTC_cc34e.dir/src.cxx.o -c /Users/sellavi/Desktop/Codes/video-downloader-mv3/ffmpeg-builder/modules/x265/CMakeFiles/CMakeTmp/src.cxx
Linking CXX executable cmTC_cc34e
/opt/local/bin/cmake -E cmake_link_script CMakeFiles/cmTC_cc34e.dir/link.txt --verbose=1
/Library/Developer/CommandLineTools/usr/bin/c++  -arch arm64 -isysroot /Library/Developer/CommandLineTools/SDKs/MacOSX15.2.sdk -Wl,-search_paths_first -Wl,-headerpad_max_install_names -L/opt/homebrew/lib -L/opt/homebrew/opt/libxml2/lib -L/opt/homebrew/opt/libass/lib -L/opt/homebrew/opt/harfbuzz/lib -L/opt/homebrew/opt/libunibreak/lib  CMakeFiles/cmTC_cc34e.dir/src.cxx.o -o cmTC_cc34e 


Source file was:
int main() { return 0; }
Performing C++ SOURCE FILE Test CC_HAS_NO_ARRAY_BOUNDS succeeded with the following output:
Change Dir: /Users/sellavi/Desktop/Codes/video-downloader-mv3/ffmpeg-builder/modules/x265/CMakeFiles/CMakeTmp

Run Build Command(s):/usr/bin/make -f Makefile cmTC_4b692/fast && /Library/Developer/CommandLineTools/usr/bin/make  -f CMakeFiles/cmTC_4b692.dir/build.make CMakeFiles/cmTC_4b692.dir/build
Building CXX object CMakeFiles/cmTC_4b692.dir/src.cxx.o
/Library/Developer/CommandLineTools/usr/bin/c++ -DCC_HAS_NO_ARRAY_BOUNDS  -arch arm64 -isysroot /Library/Developer/CommandLineTools/SDKs/MacOSX15.2.sdk   -Wno-array-bounds -MD -MT CMakeFiles/cmTC_4b692.dir/src.cxx.o -MF CMakeFiles/cmTC_4b692.dir/src.cxx.o.d -o CMakeFiles/cmTC_4b692.dir/src.cxx.o -c /Users/sellavi/Desktop/Codes/video-downloader-mv3/ffmpeg-builder/modules/x265/CMakeFiles/CMakeTmp/src.cxx
Linking CXX executable cmTC_4b692
/opt/local/bin/cmake -E cmake_link_script CMakeFiles/cmTC_4b692.dir/link.txt --verbose=1
/Library/Developer/CommandLineTools/usr/bin/c++  -arch arm64 -isysroot /Library/Developer/CommandLineTools/SDKs/MacOSX15.2.sdk -Wl,-search_paths_first -Wl,-headerpad_max_install_names -L/opt/homebrew/lib -L/opt/homebrew/opt/libxml2/lib -L/opt/homebrew/opt/libass/lib -L/opt/homebrew/opt/harfbuzz/lib -L/opt/homebrew/opt/libunibreak/lib  CMakeFiles/cmTC_4b692.dir/src.cxx.o -o cmTC_4b692 


Source file was:
int main() { return 0; }
Performing C++ SOURCE FILE Test CC_HAS_FAST_MATH succeeded with the following output:
Change Dir: /Users/sellavi/Desktop/Codes/video-downloader-mv3/ffmpeg-builder/modules/x265/CMakeFiles/CMakeTmp

Run Build Command(s):/usr/bin/make -f Makefile cmTC_7343d/fast && /Library/Developer/CommandLineTools/usr/bin/make  -f CMakeFiles/cmTC_7343d.dir/build.make CMakeFiles/cmTC_7343d.dir/build
Building CXX object CMakeFiles/cmTC_7343d.dir/src.cxx.o
/Library/Developer/CommandLineTools/usr/bin/c++ -DCC_HAS_FAST_MATH  -arch arm64 -isysroot /Library/Developer/CommandLineTools/SDKs/MacOSX15.2.sdk   -ffast-math -MD -MT CMakeFiles/cmTC_7343d.dir/src.cxx.o -MF CMakeFiles/cmTC_7343d.dir/src.cxx.o.d -o CMakeFiles/cmTC_7343d.dir/src.cxx.o -c /Users/sellavi/Desktop/Codes/video-downloader-mv3/ffmpeg-builder/modules/x265/CMakeFiles/CMakeTmp/src.cxx
Linking CXX executable cmTC_7343d
/opt/local/bin/cmake -E cmake_link_script CMakeFiles/cmTC_7343d.dir/link.txt --verbose=1
/Library/Developer/CommandLineTools/usr/bin/c++  -arch arm64 -isysroot /Library/Developer/CommandLineTools/SDKs/MacOSX15.2.sdk -Wl,-search_paths_first -Wl,-headerpad_max_install_names -L/opt/homebrew/lib -L/opt/homebrew/opt/libxml2/lib -L/opt/homebrew/opt/libass/lib -L/opt/homebrew/opt/harfbuzz/lib -L/opt/homebrew/opt/libunibreak/lib  CMakeFiles/cmTC_7343d.dir/src.cxx.o -o cmTC_7343d 


Source file was:
int main() { return 0; }
Performing C++ SOURCE FILE Test CC_HAS_FNO_EXCEPTIONS_FLAG succeeded with the following output:
Change Dir: /Users/sellavi/Desktop/Codes/video-downloader-mv3/ffmpeg-builder/modules/x265/CMakeFiles/CMakeTmp

Run Build Command(s):/usr/bin/make -f Makefile cmTC_69904/fast && /Library/Developer/CommandLineTools/usr/bin/make  -f CMakeFiles/cmTC_69904.dir/build.make CMakeFiles/cmTC_69904.dir/build
Building CXX object CMakeFiles/cmTC_69904.dir/src.cxx.o
/Library/Developer/CommandLineTools/usr/bin/c++ -DCC_HAS_FNO_EXCEPTIONS_FLAG  -arch arm64 -isysroot /Library/Developer/CommandLineTools/SDKs/MacOSX15.2.sdk   -fno-exceptions -MD -MT CMakeFiles/cmTC_69904.dir/src.cxx.o -MF CMakeFiles/cmTC_69904.dir/src.cxx.o.d -o CMakeFiles/cmTC_69904.dir/src.cxx.o -c /Users/sellavi/Desktop/Codes/video-downloader-mv3/ffmpeg-builder/modules/x265/CMakeFiles/CMakeTmp/src.cxx
Linking CXX executable cmTC_69904
/opt/local/bin/cmake -E cmake_link_script CMakeFiles/cmTC_69904.dir/link.txt --verbose=1
/Library/Developer/CommandLineTools/usr/bin/c++  -arch arm64 -isysroot /Library/Developer/CommandLineTools/SDKs/MacOSX15.2.sdk -Wl,-search_paths_first -Wl,-headerpad_max_install_names -L/opt/homebrew/lib -L/opt/homebrew/opt/libxml2/lib -L/opt/homebrew/opt/libass/lib -L/opt/homebrew/opt/harfbuzz/lib -L/opt/homebrew/opt/libunibreak/lib  CMakeFiles/cmTC_69904.dir/src.cxx.o -o cmTC_69904 


Source file was:
int main() { return 0; }
Checking whether the ASM compiler is Clang using "--version" matched "(clang version)":
Apple clang version 16.0.0 (clang-1600.0.26.6)
Target: arm64-apple-darwin25.0.0
Thread model: posix
InstalledDir: /Library/Developer/CommandLineTools/usr/bin
Determining if the strtok_r exist passed with the following output:
Change Dir: /Users/sellavi/Desktop/Codes/video-downloader-mv3/ffmpeg-builder/modules/x265/CMakeFiles/CMakeTmp

Run Build Command(s):/usr/bin/make -f Makefile cmTC_cd64a/fast && /Library/Developer/CommandLineTools/usr/bin/make  -f CMakeFiles/cmTC_cd64a.dir/build.make CMakeFiles/cmTC_cd64a.dir/build
Building C object CMakeFiles/cmTC_cd64a.dir/CheckSymbolExists.c.o
/Library/Developer/CommandLineTools/usr/bin/cc   -arch arm64 -isysroot /Library/Developer/CommandLineTools/SDKs/MacOSX15.2.sdk -MD -MT CMakeFiles/cmTC_cd64a.dir/CheckSymbolExists.c.o -MF CMakeFiles/cmTC_cd64a.dir/CheckSymbolExists.c.o.d -o CMakeFiles/cmTC_cd64a.dir/CheckSymbolExists.c.o -c /Users/sellavi/Desktop/Codes/video-downloader-mv3/ffmpeg-builder/modules/x265/CMakeFiles/CMakeTmp/CheckSymbolExists.c
Linking C executable cmTC_cd64a
/opt/local/bin/cmake -E cmake_link_script CMakeFiles/cmTC_cd64a.dir/link.txt --verbose=1
/Library/Developer/CommandLineTools/usr/bin/cc  -arch arm64 -isysroot /Library/Developer/CommandLineTools/SDKs/MacOSX15.2.sdk -Wl,-search_paths_first -Wl,-headerpad_max_install_names -L/opt/homebrew/lib -L/opt/homebrew/opt/libxml2/lib -L/opt/homebrew/opt/libass/lib -L/opt/homebrew/opt/harfbuzz/lib -L/opt/homebrew/opt/libunibreak/lib  CMakeFiles/cmTC_cd64a.dir/CheckSymbolExists.c.o -o cmTC_cd64a 


File /Users/sellavi/Desktop/Codes/video-downloader-mv3/ffmpeg-builder/modules/x265/CMakeFiles/CMakeTmp/CheckSymbolExists.c:
/* */
#include <string.h>

int main(int argc, char** argv)
{
  (void)argv;
#ifndef strtok_r
  return ((int*)(&strtok_r))[argc];
#else
  (void)argc;
  return 0;
#endif
}
